system   D d:\Libraries\build\allegro\src\allegro-git\allegro-git\src\win\wsystem.c:633  _al_win_safe_load_library        [   0.00192] PathFindOnPath found: C:\Windows\system32\d3d9.dll
system   D d:\Libraries\build\allegro\src\allegro-git\allegro-git\src\win\wsystem.c:544  load_library_at_path             [   0.00222] Calling LoadLibrary C:\Windows\system32\d3d9.dll
system   I d:\Libraries\build\allegro\src\allegro-git\allegro-git\src\win\wsystem.c:547  load_library_at_path             [   0.00810] Loaded C:\Windows\system32\d3d9.dll
d3d      I d:\Libraries\build\allegro\src\allegro-git\allegro-git\src\win\d3d_disp.cpp:696  _al_d3d_init_display             [   0.02409] Render-to-texture: 1
system   I d:\Libraries\build\allegro\src\allegro-git\allegro-git\src\system.c:252  al_install_system                [   0.02419] Allegro version: 5.0.10
dtor     D d:\Libraries\build\allegro\src\allegro-git\allegro-git\src\dtor.c:184  _al_register_destructor          [   0.02441] added dtor for object 003C2B50, func 639E04C0
d3d      I d:\Libraries\build\allegro\src\allegro-git\allegro-git\src\win\d3d_disp.cpp:1737 d3d_create_display_locked        [   0.02602] faux_fullscreen=0
d3d      D d:\Libraries\build\allegro\src\allegro-git\allegro-git\src\win\d3d_disp.cpp:1738 d3d_create_display_locked        [   0.02608] al_display=003C8CD0
d3d      D d:\Libraries\build\allegro\src\allegro-git\allegro-git\src\win\d3d_disp.cpp:1739 d3d_create_display_locked        [   0.02613] al_display->vt=003C8C40
d3d      I d:\Libraries\build\allegro\src\allegro-git\allegro-git\src\win\d3d_display_formats.cpp:144  _al_d3d_generate_display_format_list [   0.02799] found 64 format combinations
display  D d:\Libraries\build\allegro\src\allegro-git\allegro-git\src\display_settings.c:191  debug_display_settings           [   0.02807] color: 32 (rgba 8880), depth: 0, stencil: 0, acc: 0000, samples: 0/0
display  D d:\Libraries\build\allegro\src\allegro-git\allegro-git\src\display_settings.c:506  _al_score_display_settings       [   0.02813] Score is : 897
display  D d:\Libraries\build\allegro\src\allegro-git\allegro-git\src\display_settings.c:191  debug_display_settings           [   0.02818] color: 32 (rgba 8880), depth: 0, stencil: 0, acc: 0000, samples: 0/0
display  D d:\Libraries\build\allegro\src\allegro-git\allegro-git\src\display_settings.c:506  _al_score_display_settings       [   0.02823] Score is : 897
display  D d:\Libraries\build\allegro\src\allegro-git\allegro-git\src\display_settings.c:191  debug_display_settings           [   0.02828] color: 32 (rgba 8880), depth: 24, stencil: 8, acc: 0000, samples: 0/0
display  D d:\Libraries\build\allegro\src\allegro-git\allegro-git\src\display_settings.c:506  _al_score_display_settings       [   0.02833] Score is : 897
display  D d:\Libraries\build\allegro\src\allegro-git\allegro-git\src\display_settings.c:191  debug_display_settings           [   0.02837] color: 32 (rgba 8880), depth: 24, stencil: 8, acc: 0000, samples: 0/0
display  D d:\Libraries\build\allegro\src\allegro-git\allegro-git\src\display_settings.c:506  _al_score_display_settings       [   0.02842] Score is : 897
display  D d:\Libraries\build\allegro\src\allegro-git\allegro-git\src\display_settings.c:191  debug_display_settings           [   0.02847] color: 32 (rgba 8880), depth: 24, stencil: 0, acc: 0000, samples: 0/0
display  D d:\Libraries\build\allegro\src\allegro-git\allegro-git\src\display_settings.c:506  _al_score_display_settings       [   0.02852] Score is : 897
display  D d:\Libraries\build\allegro\src\allegro-git\allegro-git\src\display_settings.c:191  debug_display_settings           [   0.02856] color: 32 (rgba 8880), depth: 24, stencil: 0, acc: 0000, samples: 0/0
display  D d:\Libraries\build\allegro\src\allegro-git\allegro-git\src\display_settings.c:506  _al_score_display_settings       [   0.02861] Score is : 897
display  D d:\Libraries\build\allegro\src\allegro-git\allegro-git\src\display_settings.c:191  debug_display_settings           [   0.02865] color: 32 (rgba 8880), depth: 16, stencil: 0, acc: 0000, samples: 0/0
display  D d:\Libraries\build\allegro\src\allegro-git\allegro-git\src\display_settings.c:506  _al_score_display_settings       [   0.02889] Score is : 897
display  D d:\Libraries\build\allegro\src\allegro-git\allegro-git\src\display_settings.c:191  debug_display_settings           [   0.02896] color: 32 (rgba 8880), depth: 16, stencil: 0, acc: 0000, samples: 0/0
display  D d:\Libraries\build\allegro\src\allegro-git\allegro-git\src\display_settings.c:506  _al_score_display_settings       [   0.02901] Score is : 897
display  D d:\Libraries\build\allegro\src\allegro-git\allegro-git\src\display_settings.c:191  debug_display_settings           [   0.02906] color: 16 (rgba 5650), depth: 0, stencil: 0, acc: 0000, samples: 0/0
display  D d:\Libraries\build\allegro\src\allegro-git\allegro-git\src\display_settings.c:506  _al_score_display_settings       [   0.02911] Score is : 897
display  D d:\Libraries\build\allegro\src\allegro-git\allegro-git\src\display_settings.c:191  debug_display_settings           [   0.02915] color: 16 (rgba 5650), depth: 0, stencil: 0, acc: 0000, samples: 0/0
display  D d:\Libraries\build\allegro\src\allegro-git\allegro-git\src\display_settings.c:506  _al_score_display_settings       [   0.02920] Score is : 897
display  D d:\Libraries\build\allegro\src\allegro-git\allegro-git\src\display_settings.c:191  debug_display_settings           [   0.02924] color: 16 (rgba 5650), depth: 24, stencil: 8, acc: 0000, samples: 0/0
display  D d:\Libraries\build\allegro\src\allegro-git\allegro-git\src\display_settings.c:506  _al_score_display_settings       [   0.02930] Score is : 897
display  D d:\Libraries\build\allegro\src\allegro-git\allegro-git\src\display_settings.c:191  debug_display_settings           [   0.02934] color: 16 (rgba 5650), depth: 24, stencil: 8, acc: 0000, samples: 0/0
display  D d:\Libraries\build\allegro\src\allegro-git\allegro-git\src\display_settings.c:506  _al_score_display_settings       [   0.02939] Score is : 897
display  D d:\Libraries\build\allegro\src\allegro-git\allegro-git\src\display_settings.c:191  debug_display_settings           [   0.02943] color: 16 (rgba 5650), depth: 24, stencil: 0, acc: 0000, samples: 0/0
display  D d:\Libraries\build\allegro\src\allegro-git\allegro-git\src\display_settings.c:506  _al_score_display_settings       [   0.02948] Score is : 897
display  D d:\Libraries\build\allegro\src\allegro-git\allegro-git\src\display_settings.c:191  debug_display_settings           [   0.02953] color: 16 (rgba 5650), depth: 24, stencil: 0, acc: 0000, samples: 0/0
display  D d:\Libraries\build\allegro\src\allegro-git\allegro-git\src\display_settings.c:506  _al_score_display_settings       [   0.02985] Score is : 897
display  D d:\Libraries\build\allegro\src\allegro-git\allegro-git\src\display_settings.c:191  debug_display_settings           [   0.02989] color: 16 (rgba 5650), depth: 16, stencil: 0, acc: 0000, samples: 0/0
display  D d:\Libraries\build\allegro\src\allegro-git\allegro-git\src\display_settings.c:506  _al_score_display_settings       [   0.02994] Score is : 897
display  D d:\Libraries\build\allegro\src\allegro-git\allegro-git\src\display_settings.c:191  debug_display_settings           [   0.02999] color: 16 (rgba 5650), depth: 16, stencil: 0, acc: 0000, samples: 0/0
display  D d:\Libraries\build\allegro\src\allegro-git\allegro-git\src\display_settings.c:506  _al_score_display_settings       [   0.03004] Score is : 897
display  D d:\Libraries\build\allegro\src\allegro-git\allegro-git\src\display_settings.c:191  debug_display_settings           [   0.03029] color: 32 (rgba 8880), depth: 0, stencil: 0, acc: 0000, samples: 0/0
display  D d:\Libraries\build\allegro\src\allegro-git\allegro-git\src\display_settings.c:377  _al_score_display_settings       [   0.03034] Single Buffer requirement not met.
display  D d:\Libraries\build\allegro\src\allegro-git\allegro-git\src\display_settings.c:191  debug_display_settings           [   0.03039] color: 32 (rgba 8880), depth: 0, stencil: 0, acc: 0000, samples: 0/0
display  D d:\Libraries\build\allegro\src\allegro-git\allegro-git\src\display_settings.c:377  _al_score_display_settings       [   0.03044] Single Buffer requirement not met.
display  D d:\Libraries\build\allegro\src\allegro-git\allegro-git\src\display_settings.c:191  debug_display_settings           [   0.03049] color: 32 (rgba 8880), depth: 24, stencil: 8, acc: 0000, samples: 0/0
display  D d:\Libraries\build\allegro\src\allegro-git\allegro-git\src\display_settings.c:377  _al_score_display_settings       [   0.03055] Single Buffer requirement not met.
display  D d:\Libraries\build\allegro\src\allegro-git\allegro-git\src\display_settings.c:191  debug_display_settings           [   0.03059] color: 32 (rgba 8880), depth: 24, stencil: 8, acc: 0000, samples: 0/0
display  D d:\Libraries\build\allegro\src\allegro-git\allegro-git\src\display_settings.c:377  _al_score_display_settings       [   0.03064] Single Buffer requirement not met.
display  D d:\Libraries\build\allegro\src\allegro-git\allegro-git\src\display_settings.c:191  debug_display_settings           [   0.03069] color: 32 (rgba 8880), depth: 24, stencil: 0, acc: 0000, samples: 0/0
display  D d:\Libraries\build\allegro\src\allegro-git\allegro-git\src\display_settings.c:377  _al_score_display_settings       [   0.03074] Single Buffer requirement not met.
display  D d:\Libraries\build\allegro\src\allegro-git\allegro-git\src\display_settings.c:191  debug_display_settings           [   0.03078] color: 32 (rgba 8880), depth: 24, stencil: 0, acc: 0000, samples: 0/0
display  D d:\Libraries\build\allegro\src\allegro-git\allegro-git\src\display_settings.c:377  _al_score_display_settings       [   0.03083] Single Buffer requirement not met.
display  D d:\Libraries\build\allegro\src\allegro-git\allegro-git\src\display_settings.c:191  debug_display_settings           [   0.03088] color: 32 (rgba 8880), depth: 16, stencil: 0, acc: 0000, samples: 0/0
display  D d:\Libraries\build\allegro\src\allegro-git\allegro-git\src\display_settings.c:377  _al_score_display_settings       [   0.03093] Single Buffer requirement not met.
display  D d:\Libraries\build\allegro\src\allegro-git\allegro-git\src\display_settings.c:191  debug_display_settings           [   0.03097] color: 32 (rgba 8880), depth: 16, stencil: 0, acc: 0000, samples: 0/0
display  D d:\Libraries\build\allegro\src\allegro-git\allegro-git\src\display_settings.c:377  _al_score_display_settings       [   0.03101] Single Buffer requirement not met.
display  D d:\Libraries\build\allegro\src\allegro-git\allegro-git\src\display_settings.c:191  debug_display_settings           [   0.03105] color: 16 (rgba 5650), depth: 0, stencil: 0, acc: 0000, samples: 0/0
display  D d:\Libraries\build\allegro\src\allegro-git\allegro-git\src\display_settings.c:377  _al_score_display_settings       [   0.03109] Single Buffer requirement not met.
display  D d:\Libraries\build\allegro\src\allegro-git\allegro-git\src\display_settings.c:191  debug_display_settings           [   0.03114] color: 16 (rgba 5650), depth: 0, stencil: 0, acc: 0000, samples: 0/0
display  D d:\Libraries\build\allegro\src\allegro-git\allegro-git\src\display_settings.c:377  _al_score_display_settings       [   0.03136] Single Buffer requirement not met.
display  D d:\Libraries\build\allegro\src\allegro-git\allegro-git\src\display_settings.c:191  debug_display_settings           [   0.03140] color: 16 (rgba 5650), depth: 24, stencil: 8, acc: 0000, samples: 0/0
display  D d:\Libraries\build\allegro\src\allegro-git\allegro-git\src\display_settings.c:377  _al_score_display_settings       [   0.03145] Single Buffer requirement not met.
display  D d:\Libraries\build\allegro\src\allegro-git\allegro-git\src\display_settings.c:191  debug_display_settings           [   0.03150] color: 16 (rgba 5650), depth: 24, stencil: 8, acc: 0000, samples: 0/0
display  D d:\Libraries\build\allegro\src\allegro-git\allegro-git\src\display_settings.c:377  _al_score_display_settings       [   0.03155] Single Buffer requirement not met.
display  D d:\Libraries\build\allegro\src\allegro-git\allegro-git\src\display_settings.c:191  debug_display_settings           [   0.03159] color: 16 (rgba 5650), depth: 24, stencil: 0, acc: 0000, samples: 0/0
display  D d:\Libraries\build\allegro\src\allegro-git\allegro-git\src\display_settings.c:377  _al_score_display_settings       [   0.03175] Single Buffer requirement not met.
display  D d:\Libraries\build\allegro\src\allegro-git\allegro-git\src\display_settings.c:191  debug_display_settings           [   0.03180] color: 16 (rgba 5650), depth: 24, stencil: 0, acc: 0000, samples: 0/0
display  D d:\Libraries\build\allegro\src\allegro-git\allegro-git\src\display_settings.c:377  _al_score_display_settings       [   0.03185] Single Buffer requirement not met.
display  D d:\Libraries\build\allegro\src\allegro-git\allegro-git\src\display_settings.c:191  debug_display_settings           [   0.03190] color: 16 (rgba 5650), depth: 16, stencil: 0, acc: 0000, samples: 0/0
display  D d:\Libraries\build\allegro\src\allegro-git\allegro-git\src\display_settings.c:377  _al_score_display_settings       [   0.03194] Single Buffer requirement not met.
display  D d:\Libraries\build\allegro\src\allegro-git\allegro-git\src\display_settings.c:191  debug_display_settings           [   0.03199] color: 16 (rgba 5650), depth: 16, stencil: 0, acc: 0000, samples: 0/0
display  D d:\Libraries\build\allegro\src\allegro-git\allegro-git\src\display_settings.c:377  _al_score_display_settings       [   0.03203] Single Buffer requirement not met.
display  D d:\Libraries\build\allegro\src\allegro-git\allegro-git\src\display_settings.c:191  debug_display_settings           [   0.03208] color: 32 (rgba 8880), depth: 0, stencil: 0, acc: 0000, samples: 0/0
display  D d:\Libraries\build\allegro\src\allegro-git\allegro-git\src\display_settings.c:506  _al_score_display_settings       [   0.03213] Score is : 769
display  D d:\Libraries\build\allegro\src\allegro-git\allegro-git\src\display_settings.c:191  debug_display_settings           [   0.03217] color: 32 (rgba 8880), depth: 0, stencil: 0, acc: 0000, samples: 0/0
display  D d:\Libraries\build\allegro\src\allegro-git\allegro-git\src\display_settings.c:506  _al_score_display_settings       [   0.03222] Score is : 769
display  D d:\Libraries\build\allegro\src\allegro-git\allegro-git\src\display_settings.c:191  debug_display_settings           [   0.03226] color: 32 (rgba 8880), depth: 24, stencil: 8, acc: 0000, samples: 0/0
display  D d:\Libraries\build\allegro\src\allegro-git\allegro-git\src\display_settings.c:506  _al_score_display_settings       [   0.03231] Score is : 769
display  D d:\Libraries\build\allegro\src\allegro-git\allegro-git\src\display_settings.c:191  debug_display_settings           [   0.03236] color: 32 (rgba 8880), depth: 24, stencil: 8, acc: 0000, samples: 0/0
display  D d:\Libraries\build\allegro\src\allegro-git\allegro-git\src\display_settings.c:506  _al_score_display_settings       [   0.03241] Score is : 769
display  D d:\Libraries\build\allegro\src\allegro-git\allegro-git\src\display_settings.c:191  debug_display_settings           [   0.03245] color: 32 (rgba 8880), depth: 24, stencil: 0, acc: 0000, samples: 0/0
display  D d:\Libraries\build\allegro\src\allegro-git\allegro-git\src\display_settings.c:506  _al_score_display_settings       [   0.03250] Score is : 769
display  D d:\Libraries\build\allegro\src\allegro-git\allegro-git\src\display_settings.c:191  debug_display_settings           [   0.03254] color: 32 (rgba 8880), depth: 24, stencil: 0, acc: 0000, samples: 0/0
display  D d:\Libraries\build\allegro\src\allegro-git\allegro-git\src\display_settings.c:506  _al_score_display_settings       [   0.03259] Score is : 769
display  D d:\Libraries\build\allegro\src\allegro-git\allegro-git\src\display_settings.c:191  debug_display_settings           [   0.03264] color: 32 (rgba 8880), depth: 16, stencil: 0, acc: 0000, samples: 0/0
display  D d:\Libraries\build\allegro\src\allegro-git\allegro-git\src\display_settings.c:506  _al_score_display_settings       [   0.03269] Score is : 769
display  D d:\Libraries\build\allegro\src\allegro-git\allegro-git\src\display_settings.c:191  debug_display_settings           [   0.03273] color: 32 (rgba 8880), depth: 16, stencil: 0, acc: 0000, samples: 0/0
display  D d:\Libraries\build\allegro\src\allegro-git\allegro-git\src\display_settings.c:506  _al_score_display_settings       [   0.03298] Score is : 769
display  D d:\Libraries\build\allegro\src\allegro-git\allegro-git\src\display_settings.c:191  debug_display_settings           [   0.03303] color: 16 (rgba 5650), depth: 0, stencil: 0, acc: 0000, samples: 0/0
display  D d:\Libraries\build\allegro\src\allegro-git\allegro-git\src\display_settings.c:506  _al_score_display_settings       [   0.03308] Score is : 769
display  D d:\Libraries\build\allegro\src\allegro-git\allegro-git\src\display_settings.c:191  debug_display_settings           [   0.03313] color: 16 (rgba 5650), depth: 0, stencil: 0, acc: 0000, samples: 0/0
display  D d:\Libraries\build\allegro\src\allegro-git\allegro-git\src\display_settings.c:506  _al_score_display_settings       [   0.03318] Score is : 769
display  D d:\Libraries\build\allegro\src\allegro-git\allegro-git\src\display_settings.c:191  debug_display_settings           [   0.03322] color: 16 (rgba 5650), depth: 24, stencil: 8, acc: 0000, samples: 0/0
display  D d:\Libraries\build\allegro\src\allegro-git\allegro-git\src\display_settings.c:506  _al_score_display_settings       [   0.03327] Score is : 769
display  D d:\Libraries\build\allegro\src\allegro-git\allegro-git\src\display_settings.c:191  debug_display_settings           [   0.03331] color: 16 (rgba 5650), depth: 24, stencil: 8, acc: 0000, samples: 0/0
display  D d:\Libraries\build\allegro\src\allegro-git\allegro-git\src\display_settings.c:506  _al_score_display_settings       [   0.03336] Score is : 769
display  D d:\Libraries\build\allegro\src\allegro-git\allegro-git\src\display_settings.c:191  debug_display_settings           [   0.03340] color: 16 (rgba 5650), depth: 24, stencil: 0, acc: 0000, samples: 0/0
display  D d:\Libraries\build\allegro\src\allegro-git\allegro-git\src\display_settings.c:506  _al_score_display_settings       [   0.03346] Score is : 769
display  D d:\Libraries\build\allegro\src\allegro-git\allegro-git\src\display_settings.c:191  debug_display_settings           [   0.03350] color: 16 (rgba 5650), depth: 24, stencil: 0, acc: 0000, samples: 0/0
display  D d:\Libraries\build\allegro\src\allegro-git\allegro-git\src\display_settings.c:506  _al_score_display_settings       [   0.03355] Score is : 769
display  D d:\Libraries\build\allegro\src\allegro-git\allegro-git\src\display_settings.c:191  debug_display_settings           [   0.03359] color: 16 (rgba 5650), depth: 16, stencil: 0, acc: 0000, samples: 0/0
display  D d:\Libraries\build\allegro\src\allegro-git\allegro-git\src\display_settings.c:506  _al_score_display_settings       [   0.03364] Score is : 769
display  D d:\Libraries\build\allegro\src\allegro-git\allegro-git\src\display_settings.c:191  debug_display_settings           [   0.03368] color: 16 (rgba 5650), depth: 16, stencil: 0, acc: 0000, samples: 0/0
display  D d:\Libraries\build\allegro\src\allegro-git\allegro-git\src\display_settings.c:506  _al_score_display_settings       [   0.03374] Score is : 769
display  D d:\Libraries\build\allegro\src\allegro-git\allegro-git\src\display_settings.c:191  debug_display_settings           [   0.03378] color: 32 (rgba 8880), depth: 0, stencil: 0, acc: 0000, samples: 0/0
display  D d:\Libraries\build\allegro\src\allegro-git\allegro-git\src\display_settings.c:377  _al_score_display_settings       [   0.03383] Single Buffer requirement not met.
display  D d:\Libraries\build\allegro\src\allegro-git\allegro-git\src\display_settings.c:191  debug_display_settings           [   0.03387] color: 32 (rgba 8880), depth: 0, stencil: 0, acc: 0000, samples: 0/0
display  D d:\Libraries\build\allegro\src\allegro-git\allegro-git\src\display_settings.c:377  _al_score_display_settings       [   0.03393] Single Buffer requirement not met.
display  D d:\Libraries\build\allegro\src\allegro-git\allegro-git\src\display_settings.c:191  debug_display_settings           [   0.03397] color: 32 (rgba 8880), depth: 24, stencil: 8, acc: 0000, samples: 0/0
display  D d:\Libraries\build\allegro\src\allegro-git\allegro-git\src\display_settings.c:377  _al_score_display_settings       [   0.03403] Single Buffer requirement not met.
display  D d:\Libraries\build\allegro\src\allegro-git\allegro-git\src\display_settings.c:191  debug_display_settings           [   0.03408] color: 32 (rgba 8880), depth: 24, stencil: 8, acc: 0000, samples: 0/0
display  D d:\Libraries\build\allegro\src\allegro-git\allegro-git\src\display_settings.c:377  _al_score_display_settings       [   0.03413] Single Buffer requirement not met.
display  D d:\Libraries\build\allegro\src\allegro-git\allegro-git\src\display_settings.c:191  debug_display_settings           [   0.03417] color: 32 (rgba 8880), depth: 24, stencil: 0, acc: 0000, samples: 0/0
display  D d:\Libraries\build\allegro\src\allegro-git\allegro-git\src\display_settings.c:377  _al_score_display_settings       [   0.03423] Single Buffer requirement not met.
display  D d:\Libraries\build\allegro\src\allegro-git\allegro-git\src\display_settings.c:191  debug_display_settings           [   0.03427] color: 32 (rgba 8880), depth: 24, stencil: 0, acc: 0000, samples: 0/0
display  D d:\Libraries\build\allegro\src\allegro-git\allegro-git\src\display_settings.c:377  _al_score_display_settings       [   0.03432] Single Buffer requirement not met.
display  D d:\Libraries\build\allegro\src\allegro-git\allegro-git\src\display_settings.c:191  debug_display_settings           [   0.03435] color: 32 (rgba 8880), depth: 16, stencil: 0, acc: 0000, samples: 0/0
display  D d:\Libraries\build\allegro\src\allegro-git\allegro-git\src\display_settings.c:377  _al_score_display_settings       [   0.03440] Single Buffer requirement not met.
display  D d:\Libraries\build\allegro\src\allegro-git\allegro-git\src\display_settings.c:191  debug_display_settings           [   0.03444] color: 32 (rgba 8880), depth: 16, stencil: 0, acc: 0000, samples: 0/0
display  D d:\Libraries\build\allegro\src\allegro-git\allegro-git\src\display_settings.c:377  _al_score_display_settings       [   0.03449] Single Buffer requirement not met.
display  D d:\Libraries\build\allegro\src\allegro-git\allegro-git\src\display_settings.c:191  debug_display_settings           [   0.03453] color: 16 (rgba 5650), depth: 0, stencil: 0, acc: 0000, samples: 0/0
display  D d:\Libraries\build\allegro\src\allegro-git\allegro-git\src\display_settings.c:377  _al_score_display_settings       [   0.03458] Single Buffer requirement not met.
display  D d:\Libraries\build\allegro\src\allegro-git\allegro-git\src\display_settings.c:191  debug_display_settings           [   0.03462] color: 16 (rgba 5650), depth: 0, stencil: 0, acc: 0000, samples: 0/0
display  D d:\Libraries\build\allegro\src\allegro-git\allegro-git\src\display_settings.c:377  _al_score_display_settings       [   0.03467] Single Buffer requirement not met.
display  D d:\Libraries\build\allegro\src\allegro-git\allegro-git\src\display_settings.c:191  debug_display_settings           [   0.03471] color: 16 (rgba 5650), depth: 24, stencil: 8, acc: 0000, samples: 0/0
display  D d:\Libraries\build\allegro\src\allegro-git\allegro-git\src\display_settings.c:377  _al_score_display_settings       [   0.03477] Single Buffer requirement not met.
display  D d:\Libraries\build\allegro\src\allegro-git\allegro-git\src\display_settings.c:191  debug_display_settings           [   0.03481] color: 16 (rgba 5650), depth: 24, stencil: 8, acc: 0000, samples: 0/0
display  D d:\Libraries\build\allegro\src\allegro-git\allegro-git\src\display_settings.c:377  _al_score_display_settings       [   0.03486] Single Buffer requirement not met.
display  D d:\Libraries\build\allegro\src\allegro-git\allegro-git\src\display_settings.c:191  debug_display_settings           [   0.03491] color: 16 (rgba 5650), depth: 24, stencil: 0, acc: 0000, samples: 0/0
display  D d:\Libraries\build\allegro\src\allegro-git\allegro-git\src\display_settings.c:377  _al_score_display_settings       [   0.03496] Single Buffer requirement not met.
display  D d:\Libraries\build\allegro\src\allegro-git\allegro-git\src\display_settings.c:191  debug_display_settings           [   0.03502] color: 16 (rgba 5650), depth: 24, stencil: 0, acc: 0000, samples: 0/0
display  D d:\Libraries\build\allegro\src\allegro-git\allegro-git\src\display_settings.c:377  _al_score_display_settings       [   0.03508] Single Buffer requirement not met.
display  D d:\Libraries\build\allegro\src\allegro-git\allegro-git\src\display_settings.c:191  debug_display_settings           [   0.03512] color: 16 (rgba 5650), depth: 16, stencil: 0, acc: 0000, samples: 0/0
display  D d:\Libraries\build\allegro\src\allegro-git\allegro-git\src\display_settings.c:377  _al_score_display_settings       [   0.03517] Single Buffer requirement not met.
display  D d:\Libraries\build\allegro\src\allegro-git\allegro-git\src\display_settings.c:191  debug_display_settings           [   0.03522] color: 16 (rgba 5650), depth: 16, stencil: 0, acc: 0000, samples: 0/0
display  D d:\Libraries\build\allegro\src\allegro-git\allegro-git\src\display_settings.c:377  _al_score_display_settings       [   0.03527] Single Buffer requirement not met.
d3d      D d:\Libraries\build\allegro\src\allegro-git\allegro-git\src\win\d3d_disp.cpp:1645 d3d_create_display_internals     [   0.03534] Trying format 0.
d3d      I d:\Libraries\build\allegro\src\allegro-git\allegro-git\src\win\d3d_disp.cpp:1326 d3d_display_thread_proc          [   0.03600] Chose a display format: 23
d3d      I d:\Libraries\build\allegro\src\allegro-git\allegro-git\src\win\d3d_disp.cpp:1395 d3d_display_thread_proc          [   0.03611] Normal window.
d3d      I d:\Libraries\build\allegro\src\allegro-git\allegro-git\src\win\d3d_disp.cpp:801  d3d_create_device                [   0.05778] Using no depth stencil buffer
d3d      D d:\Libraries\build\allegro\src\allegro-git\allegro-git\src\win\d3d_disp.cpp:866  d3d_create_device                [   0.10727] BeginScene succeeded in create_device
d3d      D d:\Libraries\build\allegro\src\allegro-git\allegro-git\src\win\d3d_disp.cpp:874  d3d_create_device                [   0.10737] Success
d3d      D d:\Libraries\build\allegro\src\allegro-git\allegro-git\src\win\d3d_disp.cpp:1668 d3d_create_display_internals     [   0.10744] Resumed after wait.
d3d      I d:\Libraries\build\allegro\src\allegro-git\allegro-git\src\win\d3d_disp.cpp:1701 d3d_create_display_internals     [   0.10755] Format 0 succeeded.
d3d      D d:\Libraries\build\allegro\src\allegro-git\allegro-git\src\win\d3d_disp.cpp:1724 d3d_create_display_internals     [   0.10762] Returning d3d_display: 003C8CD0
d3d      D d:\Libraries\build\allegro\src\allegro-git\allegro-git\src\win\d3d_disp.cpp:1749 d3d_create_display_locked        [   0.10767] al_display=003C8CD0
d3d      D d:\Libraries\build\allegro\src\allegro-git\allegro-git\src\win\d3d_disp.cpp:1750 d3d_create_display_locked        [   0.10772] al_display->vt=003C8C40
dtor     D d:\Libraries\build\allegro\src\allegro-git\allegro-git\src\dtor.c:184  _al_register_destructor          [   0.10951] added dtor for object 003C9990, func 6398BF0A
d3d      I d:\Libraries\build\allegro\src\allegro-git\allegro-git\src\win\d3d_disp.cpp:921  d3d_destroy_display              [   1.74107] destroying display 003C8CD0 (current 00000000)
d3d      D d:\Libraries\build\allegro\src\allegro-git\allegro-git\src\win\d3d_disp.cpp:905  d3d_destroy_display_internals    [   1.74116] waiting for display 003C8CD0's thread to end
d3d      W d:\Libraries\build\allegro\src\allegro-git\allegro-git\src\win\d3d_disp.cpp:617  d3d_destroy_device               [   1.75634] d3d_destroy_device: ref count not 0
d3d      I d:\Libraries\build\allegro\src\allegro-git\allegro-git\src\win\d3d_disp.cpp:1527 d3d_display_thread_proc          [   1.76607] d3d display thread exits
dtor     D d:\Libraries\build\allegro\src\allegro-git\allegro-git\src\dtor.c:214  _al_unregister_destructor        [   1.76754] removed dtor for object 003C9990
dtor     D d:\Libraries\build\allegro\src\allegro-git\allegro-git\src\dtor.c:114  _al_run_destructors              [   1.76762] calling dtor for object 003C2B50, func 639E04C0
dtor     D d:\Libraries\build\allegro\src\allegro-git\allegro-git\src\dtor.c:214  _al_unregister_destructor        [   1.77322] removed dtor for object 003C2B50
